make -C pCloudCC/lib/pclsync fs
make[1]: Entering directory '/build/pcloudcc/src/console-client-20240615/pCloudCC/lib/pclsync'
gcc -Wall -Wpointer-arith -O2 -g -fno-stack-protector -fomit-frame-pointer -mtune=core2 -I../sqlite -DP_ELECTRON -fPIC -DP_OS_LINUX -D_FILE_OFFSET_BITS=64 -DP_SSL_MBEDTLS -I../mbedtls/include   -c -o pcompat.o pcompat.c
pcompat.c: In function ‘psync_list_dir’:
pcompat.c:2519:3: warning: ‘readdir_r’ is deprecated [-Wdeprecated-declarations]
 2519 |   while (!readdir_r(dh, entry, &de) && de)
      |   ^~~~~
In file included from /usr/include/features.h:503,
                 from /usr/include/pthread.h:21,
                 from pcompat.c:28:
/usr/include/dirent.h:191:12: note: declared here
  191 | extern int __REDIRECT (readdir_r,
      |            ^~~~~~~~~~
pcompat.c: In function ‘psync_list_dir_fast’:
pcompat.c:2613:3: warning: ‘readdir_r’ is deprecated [-Wdeprecated-declarations]
 2613 |   while (!readdir_r(dh, entry, &de) && de)
      |   ^~~~~
/usr/include/dirent.h:191:12: note: declared here
  191 | extern int __REDIRECT (readdir_r,
      |            ^~~~~~~~~~
pcompat.c: In function ‘psync_deviceid’:
pcompat.c:3506:5: warning: ‘readdir_r’ is deprecated [-Wdeprecated-declarations]
 3506 |     while (!readdir_r(dh, &entry, &de) && de)
      |     ^~~~~
/usr/include/dirent.h:191:12: note: declared here
  191 | extern int __REDIRECT (readdir_r,
      |            ^~~~~~~~~~
gcc -Wall -Wpointer-arith -O2 -g -fno-stack-protector -fomit-frame-pointer -mtune=core2 -I../sqlite -DP_ELECTRON -fPIC -DP_OS_LINUX -D_FILE_OFFSET_BITS=64 -DP_SSL_MBEDTLS -I../mbedtls/include   -c -o psynclib.o psynclib.c
gcc -Wall -Wpointer-arith -O2 -g -fno-stack-protector -fomit-frame-pointer -mtune=core2 -I../sqlite -DP_ELECTRON -fPIC -DP_OS_LINUX -D_FILE_OFFSET_BITS=64 -DP_SSL_MBEDTLS -I../mbedtls/include   -c -o plocks.o plocks.c
gcc -Wall -Wpointer-arith -O2 -g -fno-stack-protector -fomit-frame-pointer -mtune=core2 -I../sqlite -DP_ELECTRON -fPIC -DP_OS_LINUX -D_FILE_OFFSET_BITS=64 -DP_SSL_MBEDTLS -I../mbedtls/include   -c -o plibs.o plibs.c
gcc -Wall -Wpointer-arith -O2 -g -fno-stack-protector -fomit-frame-pointer -mtune=core2 -I../sqlite -DP_ELECTRON -fPIC -DP_OS_LINUX -D_FILE_OFFSET_BITS=64 -DP_SSL_MBEDTLS -I../mbedtls/include   -c -o pcallbacks.o pcallbacks.c
gcc -Wall -Wpointer-arith -O2 -g -fno-stack-protector -fomit-frame-pointer -mtune=core2 -I../sqlite -DP_ELECTRON -fPIC -DP_OS_LINUX -D_FILE_OFFSET_BITS=64 -DP_SSL_MBEDTLS -I../mbedtls/include   -c -o pdiff.o pdiff.c
gcc -Wall -Wpointer-arith -O2 -g -fno-stack-protector -fomit-frame-pointer -mtune=core2 -I../sqlite -DP_ELECTRON -fPIC -DP_OS_LINUX -D_FILE_OFFSET_BITS=64 -DP_SSL_MBEDTLS -I../mbedtls/include   -c -o pstatus.o pstatus.c
gcc -Wall -Wpointer-arith -O2 -g -fno-stack-protector -fomit-frame-pointer -mtune=core2 -I../sqlite -DP_ELECTRON -fPIC -DP_OS_LINUX -D_FILE_OFFSET_BITS=64 -DP_SSL_MBEDTLS -I../mbedtls/include   -c -o papi.o papi.c
gcc -Wall -Wpointer-arith -O2 -g -fno-stack-protector -fomit-frame-pointer -mtune=core2 -I../sqlite -DP_ELECTRON -fPIC -DP_OS_LINUX -D_FILE_OFFSET_BITS=64 -DP_SSL_MBEDTLS -I../mbedtls/include   -c -o ptimer.o ptimer.c
gcc -Wall -Wpointer-arith -O2 -g -fno-stack-protector -fomit-frame-pointer -mtune=core2 -I../sqlite -DP_ELECTRON -fPIC -DP_OS_LINUX -D_FILE_OFFSET_BITS=64 -DP_SSL_MBEDTLS -I../mbedtls/include   -c -o pupload.o pupload.c
gcc -Wall -Wpointer-arith -O2 -g -fno-stack-protector -fomit-frame-pointer -mtune=core2 -I../sqlite -DP_ELECTRON -fPIC -DP_OS_LINUX -D_FILE_OFFSET_BITS=64 -DP_SSL_MBEDTLS -I../mbedtls/include   -c -o pdownload.o pdownload.c
gcc -Wall -Wpointer-arith -O2 -g -fno-stack-protector -fomit-frame-pointer -mtune=core2 -I../sqlite -DP_ELECTRON -fPIC -DP_OS_LINUX -D_FILE_OFFSET_BITS=64 -DP_SSL_MBEDTLS -I../mbedtls/include   -c -o pfolder.o pfolder.c
gcc -Wall -Wpointer-arith -O2 -g -fno-stack-protector -fomit-frame-pointer -mtune=core2 -I../sqlite -DP_ELECTRON -fPIC -DP_OS_LINUX -D_FILE_OFFSET_BITS=64 -DP_SSL_MBEDTLS -I../mbedtls/include   -c -o psyncer.o psyncer.c
gcc -Wall -Wpointer-arith -O2 -g -fno-stack-protector -fomit-frame-pointer -mtune=core2 -I../sqlite -DP_ELECTRON -fPIC -DP_OS_LINUX -D_FILE_OFFSET_BITS=64 -DP_SSL_MBEDTLS -I../mbedtls/include   -c -o ptasks.o ptasks.c
gcc -Wall -Wpointer-arith -O2 -g -fno-stack-protector -fomit-frame-pointer -mtune=core2 -I../sqlite -DP_ELECTRON -fPIC -DP_OS_LINUX -D_FILE_OFFSET_BITS=64 -DP_SSL_MBEDTLS -I../mbedtls/include   -c -o psettings.o psettings.c
gcc -Wall -Wpointer-arith -O2 -g -fno-stack-protector -fomit-frame-pointer -mtune=core2 -I../sqlite -DP_ELECTRON -fPIC -DP_OS_LINUX -D_FILE_OFFSET_BITS=64 -DP_SSL_MBEDTLS -I../mbedtls/include   -c -o pnetlibs.o pnetlibs.c
gcc -Wall -Wpointer-arith -O2 -g -fno-stack-protector -fomit-frame-pointer -mtune=core2 -I../sqlite -DP_ELECTRON -fPIC -DP_OS_LINUX -D_FILE_OFFSET_BITS=64 -DP_SSL_MBEDTLS -I../mbedtls/include   -c -o pcache.o pcache.c
gcc -Wall -Wpointer-arith -O2 -g -fno-stack-protector -fomit-frame-pointer -mtune=core2 -I../sqlite -DP_ELECTRON -fPIC -DP_OS_LINUX -D_FILE_OFFSET_BITS=64 -DP_SSL_MBEDTLS -I../mbedtls/include   -c -o pscanner.o pscanner.c
gcc -Wall -Wpointer-arith -O2 -g -fno-stack-protector -fomit-frame-pointer -mtune=core2 -I../sqlite -DP_ELECTRON -fPIC -DP_OS_LINUX -D_FILE_OFFSET_BITS=64 -DP_SSL_MBEDTLS -I../mbedtls/include   -c -o plist.o plist.c
gcc -Wall -Wpointer-arith -O2 -g -fno-stack-protector -fomit-frame-pointer -mtune=core2 -I../sqlite -DP_ELECTRON -fPIC -DP_OS_LINUX -D_FILE_OFFSET_BITS=64 -DP_SSL_MBEDTLS -I../mbedtls/include   -c -o plocalscan.o plocalscan.c
gcc -Wall -Wpointer-arith -O2 -g -fno-stack-protector -fomit-frame-pointer -mtune=core2 -I../sqlite -DP_ELECTRON -fPIC -DP_OS_LINUX -D_FILE_OFFSET_BITS=64 -DP_SSL_MBEDTLS -I../mbedtls/include   -c -o plocalnotify.o plocalnotify.c
plocalnotify.c: In function ‘add_dir_scan’:
plocalnotify.c:107:5: warning: ‘readdir_r’ is deprecated [-Wdeprecated-declarations]
  107 |     while (!readdir_r(dh, entry, &de) && de)
      |     ^~~~~
In file included from /usr/include/features.h:503,
                 from /usr/include/sys/types.h:25,
                 from pcompat.h:112,
                 from plocalnotify.c:28:
/usr/include/dirent.h:191:12: note: declared here
  191 | extern int __REDIRECT (readdir_r,
      |            ^~~~~~~~~~
gcc -Wall -Wpointer-arith -O2 -g -fno-stack-protector -fomit-frame-pointer -mtune=core2 -I../sqlite -DP_ELECTRON -fPIC -DP_OS_LINUX -D_FILE_OFFSET_BITS=64 -DP_SSL_MBEDTLS -I../mbedtls/include   -c -o pp2p.o pp2p.c
gcc -Wall -Wpointer-arith -O2 -g -fno-stack-protector -fomit-frame-pointer -mtune=core2 -I../sqlite -DP_ELECTRON -fPIC -DP_OS_LINUX -D_FILE_OFFSET_BITS=64 -DP_SSL_MBEDTLS -I../mbedtls/include   -c -o pcrypto.o pcrypto.c
gcc -Wall -Wpointer-arith -O2 -g -fno-stack-protector -fomit-frame-pointer -mtune=core2 -I../sqlite -DP_ELECTRON -fPIC -DP_OS_LINUX -D_FILE_OFFSET_BITS=64 -DP_SSL_MBEDTLS -I../mbedtls/include   -c -o pssl.o pssl.c
gcc -Wall -Wpointer-arith -O2 -g -fno-stack-protector -fomit-frame-pointer -mtune=core2 -I../sqlite -DP_ELECTRON -fPIC -DP_OS_LINUX -D_FILE_OFFSET_BITS=64 -DP_SSL_MBEDTLS -I../mbedtls/include   -c -o pfileops.o pfileops.c
gcc -Wall -Wpointer-arith -O2 -g -fno-stack-protector -fomit-frame-pointer -mtune=core2 -I../sqlite -DP_ELECTRON -fPIC -DP_OS_LINUX -D_FILE_OFFSET_BITS=64 -DP_SSL_MBEDTLS -I../mbedtls/include   -c -o ptree.o ptree.c
gcc -Wall -Wpointer-arith -O2 -g -fno-stack-protector -fomit-frame-pointer -mtune=core2 -I../sqlite -DP_ELECTRON -fPIC -DP_OS_LINUX -D_FILE_OFFSET_BITS=64 -DP_SSL_MBEDTLS -I../mbedtls/include   -c -o ppassword.o ppassword.c
gcc -Wall -Wpointer-arith -O2 -g -fno-stack-protector -fomit-frame-pointer -mtune=core2 -I../sqlite -DP_ELECTRON -fPIC -DP_OS_LINUX -D_FILE_OFFSET_BITS=64 -DP_SSL_MBEDTLS -I../mbedtls/include   -c -o prunratelimit.o prunratelimit.c
gcc -Wall -Wpointer-arith -O2 -g -fno-stack-protector -fomit-frame-pointer -mtune=core2 -I../sqlite -DP_ELECTRON -fPIC -DP_OS_LINUX -D_FILE_OFFSET_BITS=64 -DP_SSL_MBEDTLS -I../mbedtls/include   -c -o pmemlock.o pmemlock.c
gcc -Wall -Wpointer-arith -O2 -g -fno-stack-protector -fomit-frame-pointer -mtune=core2 -I../sqlite -DP_ELECTRON -fPIC -DP_OS_LINUX -D_FILE_OFFSET_BITS=64 -DP_SSL_MBEDTLS -I../mbedtls/include   -c -o pnotifications.o pnotifications.c
gcc -Wall -Wpointer-arith -O2 -g -fno-stack-protector -fomit-frame-pointer -mtune=core2 -I../sqlite -DP_ELECTRON -fPIC -DP_OS_LINUX -D_FILE_OFFSET_BITS=64 -DP_SSL_MBEDTLS -I../mbedtls/include   -c -o pexternalstatus.o pexternalstatus.c
gcc -Wall -Wpointer-arith -O2 -g -fno-stack-protector -fomit-frame-pointer -mtune=core2 -I../sqlite -DP_ELECTRON -fPIC -DP_OS_LINUX -D_FILE_OFFSET_BITS=64 -DP_SSL_MBEDTLS -I../mbedtls/include   -c -o publiclinks.o publiclinks.c
gcc -Wall -Wpointer-arith -O2 -g -fno-stack-protector -fomit-frame-pointer -mtune=core2 -I../sqlite -DP_ELECTRON -fPIC -DP_OS_LINUX -D_FILE_OFFSET_BITS=64 -DP_SSL_MBEDTLS -I../mbedtls/include   -c -o pbusinessaccount.o pbusinessaccount.c
gcc -Wall -Wpointer-arith -O2 -g -fno-stack-protector -fomit-frame-pointer -mtune=core2 -I../sqlite -DP_ELECTRON -fPIC -DP_OS_LINUX -D_FILE_OFFSET_BITS=64 -DP_SSL_MBEDTLS -I../mbedtls/include   -c -o pcontacts.o pcontacts.c
gcc -Wall -Wpointer-arith -O2 -g -fno-stack-protector -fomit-frame-pointer -mtune=core2 -I../sqlite -DP_ELECTRON -fPIC -DP_OS_LINUX -D_FILE_OFFSET_BITS=64 -DP_SSL_MBEDTLS -I../mbedtls/include   -c -o poverlay.o poverlay.c
gcc -Wall -Wpointer-arith -O2 -g -fno-stack-protector -fomit-frame-pointer -mtune=core2 -I../sqlite -DP_ELECTRON -fPIC -DP_OS_LINUX -D_FILE_OFFSET_BITS=64 -DP_SSL_MBEDTLS -I../mbedtls/include   -c -o poverlay_lin.o poverlay_lin.c
gcc -Wall -Wpointer-arith -O2 -g -fno-stack-protector -fomit-frame-pointer -mtune=core2 -I../sqlite -DP_ELECTRON -fPIC -DP_OS_LINUX -D_FILE_OFFSET_BITS=64 -DP_SSL_MBEDTLS -I../mbedtls/include   -c -o poverlay_mac.o poverlay_mac.c
gcc -Wall -Wpointer-arith -O2 -g -fno-stack-protector -fomit-frame-pointer -mtune=core2 -I../sqlite -DP_ELECTRON -fPIC -DP_OS_LINUX -D_FILE_OFFSET_BITS=64 -DP_SSL_MBEDTLS -I../mbedtls/include   -c -o poverlay_win.o poverlay_win.c
gcc -Wall -Wpointer-arith -O2 -g -fno-stack-protector -fomit-frame-pointer -mtune=core2 -I../sqlite -DP_ELECTRON -fPIC -DP_OS_LINUX -D_FILE_OFFSET_BITS=64 -DP_SSL_MBEDTLS -I../mbedtls/include   -c -o pcompression.o pcompression.c
gcc -Wall -Wpointer-arith -O2 -g -fno-stack-protector -fomit-frame-pointer -mtune=core2 -I../sqlite -DP_ELECTRON -fPIC -DP_OS_LINUX -D_FILE_OFFSET_BITS=64 -DP_SSL_MBEDTLS -I../mbedtls/include   -c -o pasyncnet.o pasyncnet.c
gcc -Wall -Wpointer-arith -O2 -g -fno-stack-protector -fomit-frame-pointer -mtune=core2 -I../sqlite -DP_ELECTRON -fPIC -DP_OS_LINUX -D_FILE_OFFSET_BITS=64 -DP_SSL_MBEDTLS -I../mbedtls/include   -c -o ppathstatus.o ppathstatus.c
gcc -Wall -Wpointer-arith -O2 -g -fno-stack-protector -fomit-frame-pointer -mtune=core2 -I../sqlite -DP_ELECTRON -fPIC -DP_OS_LINUX -D_FILE_OFFSET_BITS=64 -DP_SSL_MBEDTLS -I../mbedtls/include   -c -o pdevice_monitor.o pdevice_monitor.c
gcc -Wall -Wpointer-arith -O2 -g -fno-stack-protector -fomit-frame-pointer -mtune=core2 -I../sqlite -DP_ELECTRON -fPIC -DP_OS_LINUX -D_FILE_OFFSET_BITS=64 -DP_SSL_MBEDTLS -I../mbedtls/include   -c -o ptools.o ptools.c
gcc -Wall -Wpointer-arith -O2 -g -fno-stack-protector -fomit-frame-pointer -mtune=core2 -I../sqlite -DP_ELECTRON -fPIC -DP_OS_LINUX -D_FILE_OFFSET_BITS=64 -DP_SSL_MBEDTLS -I../mbedtls/include   -c -o pssl-mbedtls.o pssl-mbedtls.c
gcc -Wall -Wpointer-arith -O2 -g -fno-stack-protector -fomit-frame-pointer -mtune=core2 -I../sqlite -DP_ELECTRON -fPIC -DP_OS_LINUX -D_FILE_OFFSET_BITS=64 -DP_SSL_MBEDTLS -I../mbedtls/include   -c -o pfs.o pfs.c
gcc -Wall -Wpointer-arith -O2 -g -fno-stack-protector -fomit-frame-pointer -mtune=core2 -I../sqlite -DP_ELECTRON -fPIC -DP_OS_LINUX -D_FILE_OFFSET_BITS=64 -DP_SSL_MBEDTLS -I../mbedtls/include   -c -o ppagecache.o ppagecache.c
gcc -Wall -Wpointer-arith -O2 -g -fno-stack-protector -fomit-frame-pointer -mtune=core2 -I../sqlite -DP_ELECTRON -fPIC -DP_OS_LINUX -D_FILE_OFFSET_BITS=64 -DP_SSL_MBEDTLS -I../mbedtls/include   -c -o pfsfolder.o pfsfolder.c
gcc -Wall -Wpointer-arith -O2 -g -fno-stack-protector -fomit-frame-pointer -mtune=core2 -I../sqlite -DP_ELECTRON -fPIC -DP_OS_LINUX -D_FILE_OFFSET_BITS=64 -DP_SSL_MBEDTLS -I../mbedtls/include   -c -o pfstasks.o pfstasks.c
gcc -Wall -Wpointer-arith -O2 -g -fno-stack-protector -fomit-frame-pointer -mtune=core2 -I../sqlite -DP_ELECTRON -fPIC -DP_OS_LINUX -D_FILE_OFFSET_BITS=64 -DP_SSL_MBEDTLS -I../mbedtls/include   -c -o pfsupload.o pfsupload.c
gcc -Wall -Wpointer-arith -O2 -g -fno-stack-protector -fomit-frame-pointer -mtune=core2 -I../sqlite -DP_ELECTRON -fPIC -DP_OS_LINUX -D_FILE_OFFSET_BITS=64 -DP_SSL_MBEDTLS -I../mbedtls/include   -c -o pintervaltree.o pintervaltree.c
gcc -Wall -Wpointer-arith -O2 -g -fno-stack-protector -fomit-frame-pointer -mtune=core2 -I../sqlite -DP_ELECTRON -fPIC -DP_OS_LINUX -D_FILE_OFFSET_BITS=64 -DP_SSL_MBEDTLS -I../mbedtls/include   -c -o pfsxattr.o pfsxattr.c
gcc -Wall -Wpointer-arith -O2 -g -fno-stack-protector -fomit-frame-pointer -mtune=core2 -I../sqlite -DP_ELECTRON -fPIC -DP_OS_LINUX -D_FILE_OFFSET_BITS=64 -DP_SSL_MBEDTLS -I../mbedtls/include   -c -o pcloudcrypto.o pcloudcrypto.c
gcc -Wall -Wpointer-arith -O2 -g -fno-stack-protector -fomit-frame-pointer -mtune=core2 -I../sqlite -DP_ELECTRON -fPIC -DP_OS_LINUX -D_FILE_OFFSET_BITS=64 -DP_SSL_MBEDTLS -I../mbedtls/include   -c -o pfscrypto.o pfscrypto.c
gcc -Wall -Wpointer-arith -O2 -g -fno-stack-protector -fomit-frame-pointer -mtune=core2 -I../sqlite -DP_ELECTRON -fPIC -DP_OS_LINUX -D_FILE_OFFSET_BITS=64 -DP_SSL_MBEDTLS -I../mbedtls/include   -c -o pcrc32c.o pcrc32c.c
gcc -Wall -Wpointer-arith -O2 -g -fno-stack-protector -fomit-frame-pointer -mtune=core2 -I../sqlite -DP_ELECTRON -fPIC -DP_OS_LINUX -D_FILE_OFFSET_BITS=64 -DP_SSL_MBEDTLS -I../mbedtls/include   -c -o pfsstatic.o pfsstatic.c
ar rcu psynclib.a pcompat.o psynclib.o plocks.o plibs.o pcallbacks.o pdiff.o pstatus.o papi.o ptimer.o pupload.o pdownload.o pfolder.o psyncer.o ptasks.o psettings.o pnetlibs.o pcache.o pscanner.o plist.o plocalscan.o plocalnotify.o pp2p.o pcrypto.o pssl.o pfileops.o ptree.o ppassword.o prunratelimit.o pmemlock.o pnotifications.o pexternalstatus.o publiclinks.o pbusinessaccount.o pcontacts.o poverlay.o poverlay_lin.o poverlay_mac.o poverlay_win.o pcompression.o pasyncnet.o ppathstatus.o pdevice_monitor.o ptools.o pssl-mbedtls.o pfs.o ppagecache.o pfsfolder.o pfstasks.o pfsupload.o pintervaltree.o pfsxattr.o pcloudcrypto.o pfscrypto.o pcrc32c.o pfsstatic.o plocks.o
ar: `u' modifier ignored since `D' is the default (see `U')
ranlib psynclib.a
make[1]: Leaving directory '/build/pcloudcc/src/console-client-20240615/pCloudCC/lib/pclsync'
cmake -H./pCloudCC/lib/mbedtls -B./pCloudCC/lib/mbedtls
CMake Deprecation Warning at CMakeLists.txt:1 (cmake_minimum_required):
  Compatibility with CMake < 3.5 will be removed from a future version of
  CMake.

  Update the VERSION argument <min> value or use a ...<max> suffix to tell
  CMake that the project does not need compatibility with older versions.


-- The C compiler identification is GNU 14.1.1
-- Detecting C compiler ABI info
-- Detecting C compiler ABI info - done
-- Check for working C compiler: /usr/bin/cc - skipped
-- Detecting C compile features
-- Detecting C compile features - done
-- Configuring done (0.3s)
-- Generating done (0.0s)
-- Build files have been written to: /build/pcloudcc/src/console-client-20240615/pCloudCC/lib/mbedtls
make -C pCloudCC/lib/mbedtls
make[1]: Entering directory '/build/pcloudcc/src/console-client-20240615/pCloudCC/lib/mbedtls'
[  1%] Building C object library/CMakeFiles/mbedtls.dir/aes.c.o
[  2%] Building C object library/CMakeFiles/mbedtls.dir/aesni.c.o
[  4%] Building C object library/CMakeFiles/mbedtls.dir/arc4.c.o
[  5%] Building C object library/CMakeFiles/mbedtls.dir/asn1parse.c.o
[  7%] Building C object library/CMakeFiles/mbedtls.dir/asn1write.c.o
[  8%] Building C object library/CMakeFiles/mbedtls.dir/base64.c.o
[ 10%] Building C object library/CMakeFiles/mbedtls.dir/bignum.c.o
[ 11%] Building C object library/CMakeFiles/mbedtls.dir/blowfish.c.o
[ 13%] Building C object library/CMakeFiles/mbedtls.dir/camellia.c.o
[ 14%] Building C object library/CMakeFiles/mbedtls.dir/ccm.c.o
[ 15%] Building C object library/CMakeFiles/mbedtls.dir/certs.c.o
[ 17%] Building C object library/CMakeFiles/mbedtls.dir/cipher.c.o
[ 18%] Building C object library/CMakeFiles/mbedtls.dir/cipher_wrap.c.o
[ 20%] Building C object library/CMakeFiles/mbedtls.dir/ctr_drbg.c.o
[ 21%] Building C object library/CMakeFiles/mbedtls.dir/debug.c.o
[ 23%] Building C object library/CMakeFiles/mbedtls.dir/des.c.o
[ 24%] Building C object library/CMakeFiles/mbedtls.dir/dhm.c.o
[ 26%] Building C object library/CMakeFiles/mbedtls.dir/ecp.c.o
[ 27%] Building C object library/CMakeFiles/mbedtls.dir/ecp_curves.c.o
[ 28%] Building C object library/CMakeFiles/mbedtls.dir/ecdh.c.o
[ 30%] Building C object library/CMakeFiles/mbedtls.dir/ecdsa.c.o
[ 31%] Building C object library/CMakeFiles/mbedtls.dir/entropy.c.o
[ 33%] Building C object library/CMakeFiles/mbedtls.dir/entropy_poll.c.o
[ 34%] Building C object library/CMakeFiles/mbedtls.dir/error.c.o
[ 36%] Building C object library/CMakeFiles/mbedtls.dir/gcm.c.o
[ 37%] Building C object library/CMakeFiles/mbedtls.dir/havege.c.o
[ 39%] Building C object library/CMakeFiles/mbedtls.dir/hmac_drbg.c.o
[ 40%] Building C object library/CMakeFiles/mbedtls.dir/md.c.o
[ 42%] Building C object library/CMakeFiles/mbedtls.dir/md_wrap.c.o
[ 43%] Building C object library/CMakeFiles/mbedtls.dir/md2.c.o
[ 44%] Building C object library/CMakeFiles/mbedtls.dir/md4.c.o
[ 46%] Building C object library/CMakeFiles/mbedtls.dir/md5.c.o
[ 47%] Building C object library/CMakeFiles/mbedtls.dir/memory_buffer_alloc.c.o
[ 49%] Building C object library/CMakeFiles/mbedtls.dir/net.c.o
[ 50%] Building C object library/CMakeFiles/mbedtls.dir/oid.c.o
[ 52%] Building C object library/CMakeFiles/mbedtls.dir/padlock.c.o
[ 53%] Building C object library/CMakeFiles/mbedtls.dir/pbkdf2.c.o
[ 55%] Building C object library/CMakeFiles/mbedtls.dir/pem.c.o
[ 56%] Building C object library/CMakeFiles/mbedtls.dir/pkcs5.c.o
[ 57%] Building C object library/CMakeFiles/mbedtls.dir/pkcs11.c.o
[ 59%] Building C object library/CMakeFiles/mbedtls.dir/pkcs12.c.o
[ 60%] Building C object library/CMakeFiles/mbedtls.dir/pk.c.o
[ 62%] Building C object library/CMakeFiles/mbedtls.dir/pk_wrap.c.o
[ 63%] Building C object library/CMakeFiles/mbedtls.dir/pkparse.c.o
[ 65%] Building C object library/CMakeFiles/mbedtls.dir/pkwrite.c.o
[ 66%] Building C object library/CMakeFiles/mbedtls.dir/platform.c.o
[ 68%] Building C object library/CMakeFiles/mbedtls.dir/ripemd160.c.o
[ 69%] Building C object library/CMakeFiles/mbedtls.dir/rsa.c.o
[ 71%] Building C object library/CMakeFiles/mbedtls.dir/sha1.c.o
[ 72%] Building C object library/CMakeFiles/mbedtls.dir/sha256.c.o
[ 73%] Building C object library/CMakeFiles/mbedtls.dir/sha512.c.o
[ 75%] Building C object library/CMakeFiles/mbedtls.dir/ssl_cache.c.o
[ 76%] Building C object library/CMakeFiles/mbedtls.dir/ssl_ciphersuites.c.o
[ 78%] Building C object library/CMakeFiles/mbedtls.dir/ssl_cli.c.o
[ 79%] Building C object library/CMakeFiles/mbedtls.dir/ssl_srv.c.o
[ 81%] Building C object library/CMakeFiles/mbedtls.dir/ssl_tls.c.o
[ 82%] Building C object library/CMakeFiles/mbedtls.dir/threading.c.o
[ 84%] Building C object library/CMakeFiles/mbedtls.dir/timing.c.o
[ 85%] Building C object library/CMakeFiles/mbedtls.dir/version.c.o
[ 86%] Building C object library/CMakeFiles/mbedtls.dir/version_features.c.o
[ 88%] Building C object library/CMakeFiles/mbedtls.dir/x509.c.o
[ 89%] Building C object library/CMakeFiles/mbedtls.dir/x509_crt.c.o
[ 91%] Building C object library/CMakeFiles/mbedtls.dir/x509_crl.c.o
[ 92%] Building C object library/CMakeFiles/mbedtls.dir/x509_csr.c.o
[ 94%] Building C object library/CMakeFiles/mbedtls.dir/x509_create.c.o
[ 95%] Building C object library/CMakeFiles/mbedtls.dir/x509write_crt.c.o
[ 97%] Building C object library/CMakeFiles/mbedtls.dir/x509write_csr.c.o
[ 98%] Building C object library/CMakeFiles/mbedtls.dir/xtea.c.o
[100%] Linking C static library libmbedtls.a
[100%] Built target mbedtls
make[1]: Leaving directory '/build/pcloudcc/src/console-client-20240615/pCloudCC/lib/mbedtls'
cmake -H./pCloudCC -B./pCloudCC
CMake Deprecation Warning at CMakeLists.txt:1 (cmake_minimum_required):
  Compatibility with CMake < 3.5 will be removed from a future version of
  CMake.

  Update the VERSION argument <min> value or use a ...<max> suffix to tell
  CMake that the project does not need compatibility with older versions.


-- The C compiler identification is GNU 14.1.1
-- The CXX compiler identification is GNU 14.1.1
-- Detecting C compiler ABI info
-- Detecting C compiler ABI info - done
-- Check for working C compiler: /usr/bin/cc - skipped
-- Detecting C compile features
-- Detecting C compile features - done
-- Detecting CXX compiler ABI info
-- Detecting CXX compiler ABI info - done
-- Check for working CXX compiler: /usr/bin/c++ - skipped
-- Detecting CXX compile features
-- Detecting CXX compile features - done
-- Found Boost: /usr/lib/cmake/Boost-1.83.0/BoostConfig.cmake (found version "1.83.0") found components: system program_options
-- Configuring done (0.5s)
-- Generating done (0.0s)
-- Build files have been written to: /build/pcloudcc/src/console-client-20240615/pCloudCC
make -C pCloudCC
make[1]: Entering directory '/build/pcloudcc/src/console-client-20240615/pCloudCC'
[ 10%] Building C object CMakeFiles/sqlite3.dir/lib/sqlite/sqlite3.c.o
[ 20%] Linking C static library libsqlite3.a
[ 20%] Built target sqlite3
[ 30%] Building CXX object CMakeFiles/pcloudcc_lib.dir/pclsync_lib_c.cpp.o
[ 40%] Building CXX object CMakeFiles/pcloudcc_lib.dir/pclsync_lib.cpp.o
[ 50%] Building CXX object CMakeFiles/pcloudcc_lib.dir/control_tools.cpp.o
[ 60%] Building C object CMakeFiles/pcloudcc_lib.dir/lib/poverlay_linux/overlay_client.c.o
[ 70%] Building C object CMakeFiles/pcloudcc_lib.dir/lib/poverlay_linux/debug.c.o
[ 80%] Linking CXX shared library libpcloudcc_lib.so
[ 80%] Built target pcloudcc_lib
[ 90%] Building CXX object CMakeFiles/pcloudcc.dir/main.cpp.o
[100%] Linking CXX executable pcloudcc
[100%] Built target pcloudcc
make[1]: Leaving directory '/build/pcloudcc/src/console-client-20240615/pCloudCC'
